app/build/intermediates/manifest_merge_blame_file/debug/manifest-merger-blame-debug-report.txt
1<?xml version="1.0" encoding="utf-8"?>
2<manifest xmlns:android="http://schemas.android.com/apk/res/android"
3    package="com.example.rubberduck"
4    android:versionCode="1"
5    android:versionName="1.0" >
6
7    <uses-sdk
8        android:minSdkVersion="16"
8-->src/main/AndroidManifest.xml
9        android:targetSdkVersion="29" />
9-->src/main/AndroidManifest.xml
10
11    <uses-permission android:name="android.permission.INTERNET" />
11-->src/main/AndroidManifest.xml:6:5-67
11-->src/main/AndroidManifest.xml:6:22-64
12
13    <application
13-->src/main/AndroidManifest.xml:8:5-45:19
14        android:allowBackup="true"
14-->src/main/AndroidManifest.xml:9:9-35
15        android:appComponentFactory="androidx.core.app.CoreComponentFactory"
15-->[androidx.core:core:1.2.0] AndroidManifest.xml:24:18-86
16        android:debuggable="true"
17        android:icon="@mipmap/app_icon"
17-->src/main/AndroidManifest.xml:10:9-40
18        android:label="@string/app_name"
18-->src/main/AndroidManifest.xml:11:9-41
19        android:roundIcon="@mipmap/ic_launcher_round"
19-->src/main/AndroidManifest.xml:12:9-54
20        android:supportsRtl="true"
20-->src/main/AndroidManifest.xml:13:9-35
21        android:theme="@style/AppTheme" >
21-->src/main/AndroidManifest.xml:14:9-40
22        <activity
22-->src/main/AndroidManifest.xml:15:9-17:56
23            android:name="com.example.rubberduck.CodeActivity"
23-->src/main/AndroidManifest.xml:15:19-47
24            android:screenOrientation="portrait" />
24-->src/main/AndroidManifest.xml:16:13-49
25        <activity
25-->src/main/AndroidManifest.xml:18:9-21:15
26            android:name="com.example.rubberduck.CategoriesActivity"
26-->src/main/AndroidManifest.xml:18:19-53
27            android:screenOrientation="portrait" />
27-->src/main/AndroidManifest.xml:19:13-49
28        <activity
28-->src/main/AndroidManifest.xml:22:9-24:55
29            android:name="com.example.rubberduck.SubmissionActivity"
29-->src/main/AndroidManifest.xml:22:19-53
30            android:screenOrientation="portrait" />
30-->src/main/AndroidManifest.xml:23:13-49
31        <activity
31-->src/main/AndroidManifest.xml:25:9-27:55
32            android:name="com.example.rubberduck.RatingActivity"
32-->src/main/AndroidManifest.xml:25:19-49
33            android:screenOrientation="portrait" />
33-->src/main/AndroidManifest.xml:26:13-49
34        <activity
34-->src/main/AndroidManifest.xml:28:9-31:56
35            android:name="com.example.rubberduck.MainActivity"
35-->src/main/AndroidManifest.xml:29:13-41
36            android:screenOrientation="portrait" />
36-->src/main/AndroidManifest.xml:30:13-49
37        <activity
37-->src/main/AndroidManifest.xml:32:9-40:20
38            android:name="com.example.rubberduck.LoginActivity"
38-->src/main/AndroidManifest.xml:33:13-42
39            android:screenOrientation="portrait" >
39-->src/main/AndroidManifest.xml:34:13-49
40            <intent-filter>
40-->src/main/AndroidManifest.xml:36:13-39:29
41                <action android:name="android.intent.action.MAIN" />
41-->src/main/AndroidManifest.xml:37:17-69
41-->src/main/AndroidManifest.xml:37:25-66
42
43                <category android:name="android.intent.category.LAUNCHER" />
43-->src/main/AndroidManifest.xml:38:17-77
43-->src/main/AndroidManifest.xml:38:27-74
44            </intent-filter>
45        </activity>
46
47        <meta-data
47-->src/main/AndroidManifest.xml:42:9-44:57
48            android:name="preloaded_fonts"
48-->src/main/AndroidManifest.xml:43:13-43
49            android:resource="@array/preloaded_fonts" />
49-->src/main/AndroidManifest.xml:44:13-54
50    </application>
51
52</manifest>